No receipt for 'com.apple.pkg.CLTools_Executables' found at '/'.

No receipt for 'com.apple.pkg.DeveloperToolsCLILeo' found at '/'.

No receipt for 'com.apple.pkg.DeveloperToolsCLI' found at '/'.

In file included from ../src/ursaNative.cc:3:
In file included from ../src/ursaNative.h:13:
In file included from /Users/matiastrebinonixon/Library/Caches/node-gyp/17.1.0/include/node/openssl/rsa.h:14:
/Users/matiastrebinonixon/Library/Caches/node-gyp/17.1.0/include/node/openssl/macros.h:155:4: error: "OPENSSL_API_COMPAT expresses an impossible API compatibility level"
#  error "OPENSSL_API_COMPAT expresses an impossible API compatibility level"
   ^
1 error generated.
make: *** [Release/obj.target/ursaNative/src/ursaNative.o] Error 1
gyp ERR! build error 
gyp ERR! stack Error: `make` failed with exit code: 2
gyp ERR! stack     at ChildProcess.onExit (/usr/local/lib/node_modules/npm/node_modules/node-gyp/lib/build.js:194:23)
gyp ERR! stack     at ChildProcess.emit (node:events:390:28)
gyp ERR! stack     at Process.ChildProcess._handle.onexit (node:internal/child_process:290:12)
gyp ERR! System Darwin 20.6.0
gyp ERR! command "/usr/local/bin/node" "/usr/local/lib/node_modules/npm/node_modules/node-gyp/bin/node-gyp.js" "rebuild"
gyp ERR! cwd /Users/matiastrebinonixon/Documents/Bootcamp/ipfs_encode/node_modules/ursa-optional
gyp ERR! node -v v17.1.0
gyp ERR! node-gyp -v v8.3.0
gyp ERR! not ok 
